Arguments: 
  C:\Program Files\nodejs\node.exe C:\Users\xing\AppData\Roaming\npm\node_modules\yarn\bin\yarn.js add swipe-js-iso react-swipe

PATH: 
  C:\Program Files (x86)\Intel\iCLS Client\;C:\Program Files\Intel\iCLS Client\;C:\Windows\system32;C:\Windows;C:\Windows\System32\Wbem;C:\Windows\System32\WindowsPowerShell\v1.0\;C:\Program Files (x86)\Intel\Intel(R) Management Engine Components\DAL;C:\Program Files\Intel\Intel(R) Management Engine Components\DAL;C:\Program Files (x86)\Intel\Intel(R) Management Engine Components\IPT;C:\Program Files\Intel\Intel(R) Management Engine Components\IPT;C:\Program Files\Intel\WiFi\bin\;C:\Program Files\Common Files\Intel\WirelessCommon\;E:\Program Files (x86)\git\Git\cmd;E:\Program Files (x86)\git\Git\mingw64\bin;E:\Program Files (x86)\git\Git\usr\bin;C:\Program Files\nodejs\;C:\Users\xing\AppData\Roaming\npm

Yarn version: 
  0.23.3

Node version: 
  7.7.3

Platform: 
  win32 x64

npm manifest: 
  {
    "name": "xingxing_app",
    "version": "1.0.0",
    "description": "",
    "main": "index.js",
    "scripts": {
      "start": "webpack-dev-server --port 3002 --open --progress colors",
      "build": "webpack -p"
    },
    "keywords": [],
    "author": "",
    "license": "ISC",
    "dependencies": {
      "express": "^4.15.3",
      "react": "^15.5.4",
      "react-dom": "^15.5.4",
      "react-redux": "^5.0.5",
      "react-router-dom": "^4.1.1",
      "redux": "^3.6.0",
      "webpack": "^2.6.1",
      "webpack-dev-server": "^2.4.5"
    },
    "devDependencies": {
      "babel-core": "^6.24.1",
      "babel-loader": "^7.0.0",
      "babel-preset-es2015": "^6.24.1",
      "babel-preset-react": "^6.24.1",
      "babel-preset-stage-0": "^6.24.1",
      "css-loader": "^0.28.4",
      "es6-promise": "^4.1.0",
      "html-webpack-plugin": "^2.28.0",
      "less": "^2.7.2",
      "less-loader": "^4.0.3",
      "style-loader": "^0.18.1",
      "whatwg-fetch": "^2.0.3"
    }
  }

yarn manifest: 
  No manifest

Lockfile: 
  No lockfile

Trace: 
  Error: connect ETIMEDOUT 151.101.88.162:443
      at Object.exports._errnoException (util.js:1033:11)
      at exports._exceptionWithHostPort (util.js:1056:20)
      at TCPConnectWrap.afterConnect [as oncomplete] (net.js:1099:14)
